C51 COMPILER V9.59.0.0   BUZZ                                                              02/16/2021 10:57:07 PAGE 1   


C51 COMPILER V9.59.0.0, COMPILATION OF MODULE BUZZ
OBJECT MODULE PLACED IN .\Objects\buzz.obj
COMPILER INVOKED BY: C:\Keil_v5\C51\BIN\C51.EXE buzz.c OPTIMIZE(8,SPEED) BROWSE DEBUG OBJECTEXTEND PRINT(.\Listings\buzz
                    -.lst) TABS(2) OBJECT(.\Objects\buzz.obj)

line level    source

   1          #include "buzz.h"
   2          #include "delay.h"
   3          
   4          void Buzz_Init(void)
   5          {
   6   1        buzz=1;
   7   1      }
   8          void Buzz_Times(unsigned char times)
   9          {
  10   1        unsigned char i=0;
  11   1        for(i=0;i<times;i++)
  12   1        {
  13   2           buzz=0;
  14   2           Delay_Ms(200);
  15   2           buzz=1;
  16   2           Delay_Ms(200);
  17   2        }
  18   1      }


MODULE INFORMATION:   STATIC OVERLAYABLE
   CODE SIZE        =     40    ----
   CONSTANT SIZE    =   ----    ----
   XDATA SIZE       =   ----    ----
   PDATA SIZE       =   ----    ----
   DATA SIZE        =   ----       2
   IDATA SIZE       =   ----    ----
   BIT SIZE         =   ----    ----
END OF MODULE INFORMATION.


C51 COMPILATION COMPLETE.  0 WARNING(S),  0 ERROR(S)
