C51 COMPILER V9.59.0.0   KEYBOARD                                                          02/27/2021 22:04:44 PAGE 1   


C51 COMPILER V9.59.0.0, COMPILATION OF MODULE KEYBOARD
OBJECT MODULE PLACED IN .\Objects\keyboard.obj
COMPILER INVOKED BY: C:\Keil_v5\C51\BIN\C51.EXE keyboard.c LARGE OPTIMIZE(8,SPEED) BROWSE DEBUG OBJECTEXTEND PRINT(.\Lis
                    -tings\keyboard.lst) TABS(2) OBJECT(.\Objects\keyboard.obj)

line level    source

   1          #include "stc8.h"
   2          #include <intrins.h>
   3          #include "delay.h"
   4          #include "keyboard.h"
   5          #include "lcd_12864.h"
   6          #include "stdio.h"
   7          #include "voice.h"
   8          
   9          int KeyValue = 0;     //给4*4键盘每个按键一个序号
  10          int a = 0;
  11          long unsigned int password1[2] = {111111,} ;   //定义初始密码
  12          long unsigned int password2 = 0;         //储存用户输入的密码
  13          long unsigned int password3;
  14          long unsigned int password4;
  15          long unsigned int passwordM = 123456;    //管理员密码
  16          unsigned int d = 0;                      //输入位数d（d = 5是就输入1了六位）
  17          int length,key1,i,m=0,n=0,key2,key3;
  18          //unsigned char str[];
  19          extern int key;
  20          
  21          /*********************************************
  22          
  23          函数：确定按键位置函数
  24          功能：给16个键编号
  25          
  26          **********************************************/
  27          
  28          
  29          int KeyDown()
  30          {
  31   1       int jgtime = 40,KeyValue = -1;
  32   1       
  33   1       P7 = 0xfe; 
  34   1       if((P7 & 0xfe) != 0xfe)               
  35   1       {
  36   2        Delay_Ms(jgtime);
  37   2        if((P7 & 0xfe) != 0xfe)
  38   2        {
  39   3         switch(P7 & 0xf0)                   
  40   3         {
  41   4          case 0x70: KeyValue = 10; break;          
  42   4          case 0xb0: KeyValue = 7; break;        
  43   4          case 0xd0: KeyValue = 4; break;          
  44   4          case 0xe0: KeyValue = 1; break;      
  45   4         }
  46   3        }
  47   2       }
  48   1        
  49   1       P7 = 0xfd; 
  50   1       if((P7 & 0xfd) != 0xfd)           
  51   1       {
  52   2        Delay_Ms(jgtime);
  53   2        if((P7 & 0xfd) != 0xfd)
  54   2        {
C51 COMPILER V9.59.0.0   KEYBOARD                                                          02/27/2021 22:04:44 PAGE 2   

  55   3         switch(P7 & 0xf0)                      
  56   3         {
  57   4          case 0x70: KeyValue = 0; break;            
  58   4          case 0xb0: KeyValue = 8; break;           
  59   4          case 0xd0: KeyValue = 5; break;            
  60   4          case 0xe0: KeyValue = 2; break;           
  61   4         }
  62   3        }
  63   2       }
  64   1        
  65   1       P7 = 0xfb; 
  66   1       if((P7 & 0xfb) != 0xfb)            
  67   1       {
  68   2        Delay_Ms(jgtime);
  69   2        if((P7 & 0xfb) != 0xfb)
  70   2        {
  71   3         switch(P7 & 0xf0)
  72   3         {
  73   4          case 0x70: KeyValue = 11; break; 
  74   4          case 0xb0: KeyValue = 9; break;
  75   4          case 0xd0: KeyValue = 6; break;
  76   4          case 0xe0: KeyValue = 3; break;
  77   4         }
  78   3        }
  79   2       }
  80   1         
  81   1       P7 = 0xf7; 
  82   1       if((P7 & 0xf7) != 0xf7)        
  83   1       {
  84   2        Delay_Ms(jgtime);
  85   2        if((P7 & 0xf7) != 0xf7)
  86   2        {
  87   3         switch(P7 & 0xf0)
  88   3         {
  89   4          case 0x70: KeyValue = 15; break;
  90   4          case 0xb0: KeyValue = 14; break;
  91   4          case 0xd0: KeyValue = 13; break;
  92   4          case 0xe0: KeyValue = 12; break;
  93   4         }
  94   3        }
  95   2       }
  96   1          return  KeyValue;
  97   1      }
  98          
  99          
 100          
 101          void KeyScan(){
 102   1      
 103   1        switch(key){
 104   2         
 105   2          case 1:  //按下1
 106   2            //ClrScreen();      
 107   2             LCD_PutString(d,2,"*");
 108   2            Delay_Ms(5000);
 109   2            d++;        // d = 0 -->  d = 1
 110   2            password2 = password2 * 10 + 1;
 111   2            break;
 112   2          case 2:  //按下2
 113   2             LCD_PutString(d,2,"*");
 114   2             Delay_Ms(5000);
 115   2             d++;        
 116   2             password2 = password2 * 10 + 2;
C51 COMPILER V9.59.0.0   KEYBOARD                                                          02/27/2021 22:04:44 PAGE 3   

 117   2             break;
 118   2          case 3:  //按下3
 119   2             LCD_PutString(d,2,"*");
 120   2            Delay_Ms(5000);
 121   2            d++;        
 122   2            password2 = password2 * 10 + 3;
 123   2            break;
 124   2          case 12: break;//（A那个键）
 125   2          case 4:  //按下4
 126   2             LCD_PutString(d,2,"*");
 127   2            Delay_Ms(5000);
 128   2            d++;        // d = 0 -->  d = 1
 129   2            password2 = password2 * 10 + 4;
 130   2            break;
 131   2          case 5:  //按下5
 132   2             LCD_PutString(d,2,"*");
 133   2            Delay_Ms(5000);
 134   2            d++;        // d = 0 -->  d = 1
 135   2            password2 = password2 * 10 + 5;
 136   2            break;
 137   2          case 6:  //按下6
 138   2             LCD_PutString(d,2,"*");
 139   2            Delay_Ms(5000);
 140   2            d++;        // d = 0 -->  d = 1
 141   2            password2 = password2 * 10 + 6;
 142   2            break;
 143   2          case 13: break;//(B键)
 144   2          case 7:  //按下7
 145   2             LCD_PutString(d,2,"*");
 146   2            Delay_Ms(5000);
 147   2            d++;        // d = 0 -->  d = 1
 148   2            password2 = password2 * 10 + 7;
 149   2            break;
 150   2          case 8:
 151   2             LCD_PutString(d,2,"*");
 152   2             Delay_Ms(5000);
 153   2             d++;
 154   2             P55 = 0;       Delay_Ms(50);  P55 = 1;
 155   2             password2 = password2 * 10 + 6;
 156   2          case 9:
 157   2             LCD_PutString(d,2,"*");
 158   2            Delay_Ms(5000);
 159   2            d++;
 160   2            password2 = password2 * 10 + 9;
 161   2          case 10: break;
 162   2          case 11: break;
 163   2          case 0:    //按下0键
 164   2            LCD_PutString(d,2,"*");
 165   2            Delay_Ms(5000);
 166   2            d++;
 167   2            P55 = 0;        Delay_Ms(50);  P55 = 1;
 168   2            password2 = password2 * 10 + 0;  
 169   2          case 14: 
 170   2            /*if(d > 0){
 171   2              password2 = password2/10;
 172   2              for(;a < (d-1); a++){
 173   2                Delay_Ms(500);
 174   2                LCD_PutString(a,2,'*');     // 对屏幕
 175   2              }
 176   2           }*/
 177   2            break;
 178   2          case 15:   //返回：“请重新输入密码”界面
C51 COMPILER V9.59.0.0   KEYBOARD                                                          02/27/2021 22:04:44 PAGE 4   

 179   2            break;
 180   2          
 181   2              }
 182   1           
 183   1          
 184   1            
 185   1          if(d > 5){    
 186   2          
 187   2            d = 0;
 188   2            length = sizeof (password1)/sizeof(password1[0]);
 189   2              for(i=0;i<length;i++)
 190   2            {
 191   3            if(password2 == password1[i]){
 192   4              lock = 1;    //开锁
 193   4              ClrScreen();
 194   4              LCD_PutString(0,2,"    请通行"); 
 195   4              ISP_Check1();  //播放 ： 识别成功请通行
 196   4              P61 = 1;
 197   4              P60 = 0;        
 198   4              lock = 0;
 199   4              m=1;
 200   4              
 201   4              }}
 202   2            if(m==0) {
 203   3              ClrScreen();
 204   3              LCD_PutString(0,1,"密码错误");
 205   3              ISP_Check3();  //播放： 密码错误
 206   3              Delay_Ms(1000);
 207   3              LCD_PutString(0,2,"请重新输入密码");
 208   3              Delay_Ms(30000);
 209   3              
 210   3              ClrScreen();
 211   3              LCD_PutString(0, 1, "请输入密码：");
 212   3                      
 213   3            }
 214   2            password2 = 0;    
 215   2          }
 216   1        }
 217          
 218            
 219            
 220          //管理员密码识别  
 221          void KeyScan_M(){
 222   1      
 223   1        switch(key){
 224   2         
 225   2          case 1:  //按下1
 226   2            //ClrScreen();      
 227   2             LCD_PutString(d,3,"*");
 228   2            Delay_Ms(5000);
 229   2            d++;        // d = 0 -->  d = 1
 230   2            password2 = password2 * 10 + 1;
 231   2            break;
 232   2          case 2:  //按下2
 233   2             LCD_PutString(d,3,"*");
 234   2             Delay_Ms(5000);
 235   2             d++;        
 236   2             password2 = password2 * 10 + 2;
 237   2             break;
 238   2          case 3:  //按下3
 239   2             LCD_PutString(d,3,"*");
 240   2            Delay_Ms(5000);
C51 COMPILER V9.59.0.0   KEYBOARD                                                          02/27/2021 22:04:44 PAGE 5   

 241   2            d++;        
 242   2            password2 = password2 * 10 + 3;
 243   2            break;
 244   2          case 12: break;//（A那个键）
 245   2          case 4:  //按下4
 246   2             LCD_PutString(d,3,"*");
 247   2            Delay_Ms(5000);
 248   2            d++;        // d = 0 -->  d = 1
 249   2            password2 = password2 * 10 + 4;
 250   2            break;
 251   2          case 5:  //按下5
 252   2             LCD_PutString(d,3,"*");
 253   2            Delay_Ms(5000);
 254   2            d++;        // d = 0 -->  d = 1
 255   2            password2 = password2 * 10 + 5;
 256   2            break;
 257   2          case 6:  //按下6
 258   2             LCD_PutString(d,3,"*");
 259   2            Delay_Ms(5000);
 260   2            d++;        // d = 0 -->  d = 1
 261   2            password2 = password2 * 10 + 6;
 262   2            break;
 263   2          case 13: break;//(B键)
 264   2          case 7:  //按下7
 265   2             LCD_PutString(d,3,"*");
 266   2            Delay_Ms(5000);
 267   2            d++;        // d = 0 -->  d = 1
 268   2            password2 = password2 * 10 + 7;
 269   2            break;
 270   2          case 8:
 271   2             LCD_PutString(d,3,"*");
 272   2             Delay_Ms(5000);
 273   2             d++;
 274   2             P55 = 0;       Delay_Ms(50);  P55 = 1;
 275   2             password2 = password2 * 10 + 6;
 276   2          case 9:
 277   2             LCD_PutString(d,3,"*");
 278   2            Delay_Ms(5000);
 279   2            d++;
 280   2            password2 = password2 * 10 + 9;
 281   2          case 10: break;
 282   2          case 11: break;
 283   2          case 0:    //按下0键
 284   2            LCD_PutString(d,3,"*");
 285   2            Delay_Ms(5000);
 286   2            d++;
 287   2            P55 = 0;        Delay_Ms(50);  P55 = 1;
 288   2            password2 = password2 * 10 + 0;  
 289   2          case 14: 
 290   2            /*if(d > 0){
 291   2              password2 = password2/10;
 292   2              for(;a < (d-1); a++){
 293   2                Delay_Ms(500);
 294   2                LCD_PutString(a,2,'*');     // 对屏幕
 295   2              }
 296   2           }*/
 297   2            break;
 298   2          case 15:   //返回：“请重新输入密码”界面
 299   2            break;
 300   2          
 301   2              }
 302   1           
C51 COMPILER V9.59.0.0   KEYBOARD                                                          02/27/2021 22:04:44 PAGE 6   

 303   1          
 304   1            
 305   1          
 306   1        }
 307          
 308            
 309            void keyscan2()
 310            {
 311   1        
 312   1      
 313   1        switch(key){
 314   2         
 315   2          case 1:  //按下1
 316   2            //ClrScreen();      
 317   2             LCD_PutString(d,2,"*");
 318   2            Delay_Ms(5000);
 319   2            d++;        // d = 0 -->  d = 1
 320   2            password3 = password3 * 10 + 1;
 321   2            break;
 322   2          case 2:  //按下2
 323   2             LCD_PutString(d,2,"*");
 324   2             Delay_Ms(5000);
 325   2             d++;        
 326   2             password3 = password3 * 10 + 2;
 327   2             break;
 328   2          case 3:  //按下3
 329   2             LCD_PutString(d,2,"*");
 330   2            Delay_Ms(5000);
 331   2            d++;        
 332   2            password3 = password3 * 10 + 3;
 333   2            break;
 334   2          case 12: break;//（A那个键）
 335   2          case 4:  //按下4
 336   2             LCD_PutString(d,2,"*");
 337   2            Delay_Ms(5000);
 338   2            d++;        // d = 0 -->  d = 1
 339   2            password3 = password3 * 10 + 4;
 340   2            break;
 341   2          case 5:  //按下5
 342   2             LCD_PutString(d,2,"*");
 343   2            Delay_Ms(5000);
 344   2            d++;        // d = 0 -->  d = 1
 345   2            password3 = password3 * 10 + 5;
 346   2            break;
 347   2          case 6:  //按下6
 348   2             LCD_PutString(d,2,"*");
 349   2            Delay_Ms(5000);
 350   2            d++;        // d = 0 -->  d = 1
 351   2            password3 = password3 * 10 + 6;
 352   2            break;
 353   2          case 13: break;//(B键)
 354   2          case 7:  //按下7
 355   2             LCD_PutString(d,2,"*");
 356   2            Delay_Ms(5000);
 357   2            d++;        // d = 0 -->  d = 1
 358   2            password3 = password3 * 10 + 7;
 359   2            break;
 360   2          case 8:
 361   2             LCD_PutString(d,2,"*");
 362   2             Delay_Ms(5000);
 363   2             d++;
 364   2             P55 = 0;       Delay_Ms(50);  P55 = 1;
C51 COMPILER V9.59.0.0   KEYBOARD                                                          02/27/2021 22:04:44 PAGE 7   

 365   2             password3 = password3 * 10 + 6;
 366   2          case 9:
 367   2             LCD_PutString(d,2,"*");
 368   2            Delay_Ms(5000);
 369   2            d++;
 370   2            password3 = password3 * 10 + 9;
 371   2          case 10: break;
 372   2          case 11: break;
 373   2          case 0:    //按下0键
 374   2            LCD_PutString(d,2,"*");
 375   2            Delay_Ms(5000);
 376   2            d++;
 377   2            P55 = 0;        Delay_Ms(50);  P55 = 1;
 378   2            password3 = password3 * 10 + 0;  
 379   2          case 14: 
 380   2            /*if(d > 0){
 381   2              password2 = password2/10;
 382   2              for(;a < (d-1); a++){
 383   2                Delay_Ms(500);
 384   2                LCD_PutString(a,2,'*');     // 对屏幕
 385   2              }
 386   2           }*/
 387   2            break;
 388   2          case 15:   //返回：“请重新输入密码”界面
 389   2            break;
 390   2          
 391   2              }
 392   1           
 393   1          
 394   1            
 395   1          
 396   1        }
 397          
 398            void keyscan3(){
 399   1      
 400   1        switch(key){
 401   2         
 402   2          case 1:  //按下1
 403   2            //ClrScreen();      
 404   2             LCD_PutString(d,2,"*");
 405   2            Delay_Ms(5000);
 406   2            d++;        // d = 0 -->  d = 1
 407   2            password4 = password4 * 10 + 1;
 408   2            break;
 409   2          case 2:  //按下2
 410   2             LCD_PutString(d,2,"*");
 411   2             Delay_Ms(5000);
 412   2             d++;        
 413   2             password4 = password4 * 10 + 2;
 414   2             break;
 415   2          case 3:  //按下3
 416   2             LCD_PutString(d,2,"*");
 417   2            Delay_Ms(5000);
 418   2            d++;        
 419   2            password4 = password4 * 10 + 3;
 420   2            break;
 421   2          case 12: break;//（A那个键）
 422   2          case 4:  //按下4
 423   2             LCD_PutString(d,2,"*");
 424   2            Delay_Ms(5000);
 425   2            d++;        // d = 0 -->  d = 1
 426   2            password4 = password4 * 10 + 4;
C51 COMPILER V9.59.0.0   KEYBOARD                                                          02/27/2021 22:04:44 PAGE 8   

 427   2            break;
 428   2          case 5:  //按下5
 429   2             LCD_PutString(d,2,"*");
 430   2            Delay_Ms(5000);
 431   2            d++;        // d = 0 -->  d = 1
 432   2            password4 = password4 * 10 + 5;
 433   2            break;
 434   2          case 6:  //按下6
 435   2             LCD_PutString(d,2,"*");
 436   2            Delay_Ms(5000);
 437   2            d++;        // d = 0 -->  d = 1
 438   2            password4 = password4 * 10 + 6;
 439   2            break;
 440   2          case 13: break;//(B键)
 441   2          case 7:  //按下7
 442   2             LCD_PutString(d,2,"*");
 443   2            Delay_Ms(5000);
 444   2            d++;        // d = 0 -->  d = 1
 445   2            password4 = password4 * 10 + 7;
 446   2            break;
 447   2          case 8:
 448   2             LCD_PutString(d,2,"*");
 449   2             Delay_Ms(5000);
 450   2             d++;
 451   2             P55 = 0;       Delay_Ms(50);  P55 = 1;
 452   2             password4 = password4 * 10 + 6;
 453   2          case 9:
 454   2             LCD_PutString(d,2,"*");
 455   2            Delay_Ms(5000);
 456   2            d++;
 457   2            password4 = password4 * 10 + 9;
 458   2          case 10: break;
 459   2          case 11: break;
 460   2          case 0:    //按下0键
 461   2            LCD_PutString(d,2,"*");
 462   2            Delay_Ms(5000);
 463   2            d++;
 464   2            P55 = 0;        Delay_Ms(50);  P55 = 1;
 465   2            password4 = password4 * 10 + 0;  
 466   2          case 14: 
 467   2            /*if(d > 0){
 468   2              password2 = password2/10;
 469   2              for(;a < (d-1); a++){
 470   2                Delay_Ms(500);
 471   2                LCD_PutString(a,2,'*');     // 对屏幕
 472   2              }
 473   2           }*/
 474   2            break;
 475   2          case 15:   //返回：“请重新输入密码”界面
 476   2            break;
 477   2          
 478   2              }
 479   1           
 480   1          
 481   1            
 482   1          
 483   1                
 484   1          }
 485          
 486              
 487          void management()
 488          {
C51 COMPILER V9.59.0.0   KEYBOARD                                                          02/27/2021 22:04:44 PAGE 9   

 489   1          ClrScreen();
 490   1          LCD_PutString(0,1,"进入管理员模式");
 491   1          LCD_PutString(0,2,"请输入管理密码: ");
 492   1          while(1)
 493   1           {
 494   2              key = KeyDown();
 495   2              Delay_Ms(500);
 496   2              KeyScan_M();
 497   2      //        if (key == 15)
 498   2      //        {
 499   2      //            break;
 500   2      //            
 501   2      //        }
 502   2              if(d > 5){    
 503   3      
 504   3                  d = 0;
 505   3      
 506   3                  if(password2 == passwordM){
 507   4                      ClrScreen();
 508   4                      LCD_PutString(0,2,"管理员认证成功"); 
 509   4                      Delay_Ms(1000);
 510   4                      break;
 511   4                  //ISP_Check2();  //播放 ： 识别成功请通行       
 512   4                  }
 513   3                  else {
 514   4                      ClrScreen();
 515   4                      LCD_PutString(0,1,"密码错误");
 516   4                      //ISP_Check1();  //播放： 密码错误
 517   4                      Delay_Ms(1000);
 518   4                      LCD_PutString(0,2,"请重新输入密码");
 519   4                      Delay_Ms(30000);
 520   4      
 521   4                      ClrScreen();
 522   4                      LCD_PutString(0, 1, "请输入密码：");
 523   4      
 524   4                  }
 525   3                  password2 = 0;    
 526   3              }         
 527   2          }
 528   1          length = sizeof (password1)/sizeof(password1[0]);
 529   1          ClrScreen();
 530   1          LCD_PutString(0,1,"  管理系统界面  ");
 531   1          LCD_PutString(0,2,"    1.增添密码    ");
 532   1          LCD_PutString(0,3,"    2.删去密码    ");
 533   1          LCD_PutString(0,4,"    3.修改密码    ");
 534   1          while(1)
 535   1          {
 536   2              key = KeyDown();
 537   2              switch(key)
 538   2              {
 539   3                  case 12:
 540   3                    n=1;
 541   3                    key=-1;
 542   3                    ClrScreen();
 543   3                    LCD_PutString(0,1,"  请添加密码：  ");
 544   3                    while(1)
 545   3                    {
 546   4                        key = KeyDown();
 547   4                        Delay_Ms(500);
 548   4                        keyscan2();
 549   4                        if(d > 5){          
 550   5                        d = 0;
C51 COMPILER V9.59.0.0   KEYBOARD                                                          02/27/2021 22:04:44 PAGE 10  

 551   5                        break;
 552   5                        }
 553   4                        if(key == 15){
 554   5                          break;
 555   5                    }
 556   4                    }
 557   3                    password1[length]=password3;
 558   3                    ClrScreen();
 559   3                    LCD_PutString(0,1,"  密码添加成功  ");
 560   3                    Delay_Ms(2000);
 561   3                    break;
 562   3      
 563   3                  case 13:
 564   3                    key=-1;
 565   3                    n=1;
 566   3                    ClrScreen();
 567   3                    LCD_PutString(0,1,"  请删去密码：  ");
 568   3                    while(1)
 569   3                    {
 570   4                        key = KeyDown();
 571   4                        Delay_Ms(500);
 572   4                        keyscan2();
 573   4                        if(d > 5){    
 574   5      
 575   5                            d = 0;
 576   5                            break;
 577   5                  }
 578   4                  }
 579   3                    for(i=0;i<length;i++)
 580   3                    {
 581   4                        if(password1[i]==password3)
 582   4                        {
 583   5                            password1[i]=0;
 584   5                        }
 585   4                    }
 586   3                    ClrScreen();
 587   3                    LCD_PutString(0,1,"  密码删去成功  ");
 588   3                    Delay_Ms(2000);
 589   3                    break;
 590   3      
 591   3                  case 14:
 592   3                      n=1;
 593   3                      key=-1;
 594   3                      ClrScreen();
 595   3                      LCD_PutString(0,1,"  更改前密码：  ");
 596   3                      while(1)
 597   3                      {
 598   4      
 599   4                        key = KeyDown();
 600   4                        Delay_Ms(500);
 601   4                        keyscan2();
 602   4                        if(d > 5){    
 603   5      
 604   5                          d = 0;
 605   5                          break;
 606   5                  }
 607   4                  }
 608   3                      ClrScreen();
 609   3                      LCD_PutString(0,1,"  更改后密码：  ");
 610   3                      key=-1;
 611   3                      while(1)
 612   3                      {
C51 COMPILER V9.59.0.0   KEYBOARD                                                          02/27/2021 22:04:44 PAGE 11  

 613   4                      key = KeyDown();
 614   4                      Delay_Ms(500);
 615   4                      keyscan3();
 616   4                      if(d > 5){    
 617   5      
 618   5                          d = 0;
 619   5                          break;
 620   5                      }
 621   4                      }
 622   3                      for(i=0;i<length;i++)
 623   3                      {
 624   4                          if(password1[i]==password3)
 625   4                          {
 626   5                            password1[i]=password4;
 627   5                          }
 628   4                      }
 629   3                      ClrScreen();
 630   3                      LCD_PutString(0,1,"  更改密码成功  ");
 631   3                      break;
 632   3              }
 633   2              if(n==1)
 634   2              {
 635   3                break;
 636   3              }
 637   2      
 638   2          }
 639   1      
 640   1      }
 641          
 642          
 643          
 644          
 645          
 646          
 647          
 648          
 649          
 650          


MODULE INFORMATION:   STATIC OVERLAYABLE
   CODE SIZE        =   4635    ----
   CONSTANT SIZE    =    290    ----
   XDATA SIZE       =     44       4
   PDATA SIZE       =   ----    ----
   DATA SIZE        =   ----    ----
   IDATA SIZE       =   ----    ----
   BIT SIZE         =   ----    ----
END OF MODULE INFORMATION.


C51 COMPILATION COMPLETE.  0 WARNING(S),  0 ERROR(S)
