C51 COMPILER V9.59.0.0   LED                                                               02/27/2021 22:04:44 PAGE 1   


C51 COMPILER V9.59.0.0, COMPILATION OF MODULE LED
OBJECT MODULE PLACED IN .\Objects\led.obj
COMPILER INVOKED BY: C:\Keil_v5\C51\BIN\C51.EXE led.c LARGE OPTIMIZE(8,SPEED) BROWSE DEBUG OBJECTEXTEND PRINT(.\Listings
                    -\led.lst) TABS(2) OBJECT(.\Objects\led.obj)

line level    source

   1          #include "led.h"
   2          #include "delay.h"
   3          
   4          void Led_Init(void)
   5          {
   6   1        led_green=1;
   7   1        led_red=1;
   8   1      }
   9          void Led_Green_On(void)
  10          {
  11   1         led_green=0;
  12   1      }
  13          void Led_Green_Off(void)
  14          {
  15   1         led_green=1;
  16   1      }
  17          
  18          void Led_Red_On(void)
  19          {
  20   1          led_red=0;
  21   1      }
  22          void Led_Red_Off(void)
  23          {
  24   1          led_red=1;
  25   1      }


MODULE INFORMATION:   STATIC OVERLAYABLE
   CODE SIZE        =     17    ----
   CONSTANT SIZE    =   ----    ----
   XDATA SIZE       =   ----    ----
   PDATA SIZE       =   ----    ----
   DATA SIZE        =   ----    ----
   IDATA SIZE       =   ----    ----
   BIT SIZE         =   ----    ----
END OF MODULE INFORMATION.


C51 COMPILATION COMPLETE.  0 WARNING(S),  0 ERROR(S)
