C51 COMPILER V9.59.0.0   MAIN                                                              02/27/2021 22:04:44 PAGE 1   


C51 COMPILER V9.59.0.0, COMPILATION OF MODULE MAIN
OBJECT MODULE PLACED IN .\Objects\main.obj
COMPILER INVOKED BY: C:\Keil_v5\C51\BIN\C51.EXE main.c LARGE OPTIMIZE(8,SPEED) BROWSE DEBUG OBJECTEXTEND PRINT(.\Listing
                    -s\main.lst) TABS(2) OBJECT(.\Objects\main.obj)

line level    source

   1          #include "stc8.h"
   2          #include <intrins.h>
   3          #include "led.h"
   4          #include "uart.h"
   5          #include "delay.h"
   6          #include "FPM10A.h"
   7          #include "lcd_12864.h"
   8          #include "keyboard.h"
   9          #include "ov7670.h" 
  10          #include "wifi.h"
  11          int key;
  12          
  13          
  14          void main()
  15          { 
  16   1        initESP();
*** WARNING C206 IN LINE 16 OF main.c: 'initESP': missing function-prototype
  17   1          Init_ST7920(); 
  18   1          voice_init(); 
*** WARNING C206 IN LINE 18 OF main.c: 'voice_init': missing function-prototype
  19   1          Delay_Ms(500); 
  20   1          init_w25q128();
*** WARNING C206 IN LINE 20 OF main.c: 'init_w25q128': missing function-prototype
  21   1          Uart_Init();
  22   1          Device_Check();
  23   1      Ov7670_init();
  24   1          DisplayUpdata();
  25   1          
  26   1          Delay_Ms(500); 
  27   1      
  28   1          while(1)
  29   1          {
  30   2              DisplayUpdata();
  31   2              Delay_Ms(500); 
  32   2              while(1){
  33   3                  key = KeyDown();
  34   3                  Delay_Ms(500);
  35   3                  if(key == 11){  
  36   4                            
  37   4                      FPM10A_Find_Fingerprint();
  38   4                  }
  39   3                  if (key==12)
  40   3                  {
  41   4                  management();
  42   4                    break;
  43   4                  }
  44   3                  if (key==13)
  45   3                  {
  46   4                    ClrScreen();
  47   4                  LCD_PutString(0,1,"Â¼ÈëÖ¸ÎÆÖÐ...");
  48   4                    Delay_Ms(1000);
  49   4                    break;
  50   4                  }
  51   3                  Led_Red_Off();  
C51 COMPILER V9.59.0.0   MAIN                                                              02/27/2021 22:04:44 PAGE 2   

  52   3                  Delay_Ms(100); 
  53   3                  if (key == 15){
  54   4                      break;
  55   4                  }
  56   3      
  57   3              }
  58   2          }
  59   1      
  60   1      }


MODULE INFORMATION:   STATIC OVERLAYABLE
   CODE SIZE        =    156    ----
   CONSTANT SIZE    =     14    ----
   XDATA SIZE       =      2    ----
   PDATA SIZE       =   ----    ----
   DATA SIZE        =   ----    ----
   IDATA SIZE       =   ----    ----
   BIT SIZE         =   ----    ----
END OF MODULE INFORMATION.


C51 COMPILATION COMPLETE.  3 WARNING(S),  0 ERROR(S)
