C51 COMPILER V9.59.0.0   SCCB                                                              02/27/2021 22:04:45 PAGE 1   


C51 COMPILER V9.59.0.0, COMPILATION OF MODULE SCCB
OBJECT MODULE PLACED IN .\Objects\sccb.obj
COMPILER INVOKED BY: C:\Keil_v5\C51\BIN\C51.EXE sccb.c LARGE OPTIMIZE(8,SPEED) BROWSE DEBUG OBJECTEXTEND PRINT(.\Listing
                    -s\sccb.lst) TABS(2) OBJECT(.\Objects\sccb.obj)

line level    source

   1          //SCCB总线 和I2C总线非常相似  
   2          #include  "stc8.h"
   3          #include "sccb.h"
   4          #include "delay.h"
   5          #define u8 unsigned char
   6          #define u16 unsigned int
   7          #define u32 unsigned long
   8          
   9          /*
  10          -----------------------------------------------
  11             功能: start命令,SCCB的起始信号
  12             参数: 无
  13           返回值: 无
  14          -----------------------------------------------
  15          */
  16          void startSCCB()
  17          {
  18   1        
  19   1       SCCB_SID=1;
  20   1       SCCB_SIC=1;
  21   1       Delay_Us(175); 
  22   1       SCCB_SID=0;
  23   1        Delay_Us(175); 
  24   1       SCCB_SIC=0;
  25   1      }
  26          /*
  27          -----------------------------------------------
  28             功能: stop命令,SCCB的停止信号
  29             参数: 无
  30           返回值: 无
  31          -----------------------------------------------
  32          */
  33          void stopSCCB()
  34          {
  35   1       SCCB_SID=0;
  36   1        Delay_Us(175);
  37   1       SCCB_SIC=1;
  38   1       Delay_Us(175); 
  39   1       SCCB_SID=1;
  40   1       Delay_Us(175); 
  41   1      }
  42          
  43          /*
  44          -----------------------------------------------
  45             功能: noAck,用于连续读取中的最后一个结束周期
  46             参数: 无
  47           返回值: 无
  48          -----------------------------------------------
  49          */
  50          void noAck(void)
  51          {
  52   1      
  53   1       Delay_Us(10); 
  54   1       SCCB_SID=1;
C51 COMPILER V9.59.0.0   SCCB                                                              02/27/2021 22:04:45 PAGE 2   

  55   1      
  56   1       SCCB_SIC=1;
  57   1        Delay_Us(175);
  58   1       SCCB_SIC=0;
  59   1        Delay_Us(175); 
  60   1       SCCB_SID=0;
  61   1       Delay_Us(175);
  62   1      }
  63          
  64          u8 getAck() 
  65          {
  66   1       u8  Error;
  67   1      
  68   1       SCCB_SID=1;//设置SCCB_SID为输入
  69   1        
  70   1       Delay_Us(175); 
  71   1       SCCB_SIC=1;
  72   1       Delay_Us(175); 
  73   1       Error=SCCB_SID;
  74   1       Delay_Us(175);
  75   1       SCCB_SIC=0; 
  76   1       Delay_Us(175);
  77   1      
  78   1       SCCB_SID=0;
  79   1       return !Error;
  80   1      }
  81          
  82          /*
  83          -----------------------------------------------
  84             功能: 写入一个字节的数据到SCCB
  85             参数: 写入数据
  86           返回值: 发送成功返回1，发送失败返回0
  87          -----------------------------------------------
  88          */
  89          u8 SCCBwriteByte(u8 dat)
  90          {
  91   1       u8 i;
  92   1       for(i=0;i<8;i++)
  93   1       {
  94   2        SCCB_SID=((dat<<i)&0x80);
  95   2         Delay_Us(175);
  96   2        SCCB_SIC=1;
  97   2         Delay_Us(175); 
  98   2        SCCB_SIC=0;
  99   2       }
 100   1       SCCB_SID=0;
 101   1       return getAck();
 102   1      }
 103          
 104          /*
 105          -----------------------------------------------
 106             功能: 一个字节数据读取并且返回
 107             参数: 无
 108           返回值: 读取到的数据
 109          -----------------------------------------------
 110          */
 111          u8 SCCBreadByte(void)
 112          {
 113   1       u8 i,rbyte=0;
 114   1      
 115   1      
 116   1       SCCB_SID=1;//设置SCCB_SID为输入
C51 COMPILER V9.59.0.0   SCCB                                                              02/27/2021 22:04:45 PAGE 3   

 117   1      
 118   1       for(i=0;i<8;i++)
 119   1       {
 120   2        Delay_Us(175); 
 121   2        SCCB_SIC=1;  
 122   2        if(SCCB_SID) rbyte|=(0x80>>i);
 123   2       Delay_Us(175); 
 124   2        SCCB_SIC=0;
 125   2         Delay_Us(175);
 126   2       } 
 127   1      
 128   1      
 129   1       SCCB_SID=0;
 130   1       return rbyte;
 131   1      }


MODULE INFORMATION:   STATIC OVERLAYABLE
   CODE SIZE        =    305    ----
   CONSTANT SIZE    =   ----    ----
   XDATA SIZE       =   ----       5
   PDATA SIZE       =   ----    ----
   DATA SIZE        =   ----    ----
   IDATA SIZE       =   ----    ----
   BIT SIZE         =   ----    ----
END OF MODULE INFORMATION.


C51 COMPILATION COMPLETE.  0 WARNING(S),  0 ERROR(S)
