C51 COMPILER V9.59.0.0   UART                                                              02/27/2021 22:04:44 PAGE 1   


C51 COMPILER V9.59.0.0, COMPILATION OF MODULE UART
OBJECT MODULE PLACED IN .\Objects\uart.obj
COMPILER INVOKED BY: C:\Keil_v5\C51\BIN\C51.EXE uart.c LARGE OPTIMIZE(8,SPEED) BROWSE DEBUG OBJECTEXTEND PRINT(.\Listing
                    -s\uart.lst) TABS(2) OBJECT(.\Objects\uart.obj)

line level    source

   1          #include "uart.h"
   2          #include "stc8.h"
   3          
   4          
   5          void Uart_Init(void)
   6          {
   7   1          P_SW2|=0X04;
   8   1        S4CON = 0x10;   //8位数据,可变波特率
   9   1        S4CON &= 0xBF;    //串口4选择定时器2为波特率发生器
  10   1        AUXR |= 0x04;   //定时器2时钟为Fosc,即1T
  11   1        T2L = 0x8F;   //设定定时初值
  12   1        T2H = 0xFD;   //设定定时初值
  13   1        AUXR |= 0x10;   //启动定时器2
  14   1      }
  15          
  16          
  17          void Uart_Send_Byte(unsigned char c)//UART Send a byte
  18          {
  19   1         S4BUF = c;                 //写数据到UART数据寄存器
  20   1          while(!(S4CON&S4TI));        //在停止位没有发送时，S4TI为0即一直等待
  21   1          S4CON&=~S4TI;                //清除S4CON寄存器对应S4TI位（该位必须软件清零）
  22   1      }
  23          
  24          unsigned char Uart_Receive_Byte()//UART Receive a byteg
  25          { 
  26   1        unsigned char dat;
  27   1        while(!(S4CON&S4RI));  //接收完为1 
  28   1        S4CON&=~S4RI;
  29   1        dat = S4BUF;
  30   1        return (dat);
  31   1      }


MODULE INFORMATION:   STATIC OVERLAYABLE
   CODE SIZE        =     44    ----
   CONSTANT SIZE    =   ----    ----
   XDATA SIZE       =   ----    ----
   PDATA SIZE       =   ----    ----
   DATA SIZE        =   ----    ----
   IDATA SIZE       =   ----    ----
   BIT SIZE         =   ----    ----
END OF MODULE INFORMATION.


C51 COMPILATION COMPLETE.  0 WARNING(S),  0 ERROR(S)
